#
# A fatal error has been detected by the Java Runtime Environment:
#
#  EXCEPTION_ACCESS_VIOLATION (0xc0000005) at pc=0x00000001800044cb, pid=5164, tid=0x0000000000003ce0
#
# JRE version: Java(TM) SE Runtime Environment (8.0_311-b11) (build 1.8.0_311-b11)
# Java VM: Java HotSpot(TM) 64-Bit Server VM (25.311-b11 mixed mode windows-amd64 compressed oops)
# Problematic frame:
# C  [rxtxSerial.dll+0x44cb]
#
# Failed to write core dump. Minidumps are not enabled by default on client versions of Windows
#
# If you would like to submit a bug report, please visit:
#   http://bugreport.java.com/bugreport/crash.jsp
# The crash happened outside the Java Virtual Machine in native code.
# See problematic frame for where to report the bug.
#

---------------  T H R E A D  ---------------

Current thread (0x000001bb1ab18800):  JavaThread "Animation Thread" [_thread_in_native, id=15584, stack(0x0000008b43f00000,0x0000008b44000000)]

siginfo: ExceptionCode=0xc0000005, reading address 0x00000000441ff1bc

Registers:
RAX=0x000000000000001c, RBX=0x0000000000000001, RCX=0x0000008b43ffed1c, RDX=0x0000000000000000
RSP=0x0000008b43ffe940, RBP=0x0000000000000001, RSI=0x0000000000000000, RDI=0x000001bb1ab18a00
R8 =0x0000008b43ffe600, R9 =0x0000000180000000, R10=0x0000000000000000, R11=0x0000000000000200
R12=0x00000000441ff1b0, R13=0x0000000000000000, R14=0x0000008b43ffee30, R15=0x000001bb1ab18800
RIP=0x00000001800044cb, EFLAGS=0x0000000000010202

Top of Stack: (sp=0x0000008b43ffe940)
0x0000008b43ffe940:   000001bb24d41b68 000000018001c4c0
0x0000008b43ffe950:   0000000000000000 0000000000000001
0x0000008b43ffe960:   000001bb188d6710 000001bb1ab18800
0x0000008b43ffe970:   0000008b43ffee30 000001bb1ab18800
0x0000008b43ffe980:   00000007c0002368 00000007c0002368
0x0000008b43ffe990:   000001bb188d6710 000001bb1ab18800
0x0000008b43ffe9a0:   000040257e45f7dd 000001bb1ab18800
0x0000008b43ffe9b0:   0000008b43ffeab0 00000000501b6ffc
0x0000008b43ffe9c0:   0000000000000000 0000000000000000
0x0000008b43ffe9d0:   000001bb7e404690 000000005028c097
0x0000008b43ffe9e0:   0000000050629f10 000000005028dc55
0x0000008b43ffe9f0:   0000000000000004 0000000000000004
0x0000008b43ffea00:   000040257e45f77d 000001bb1ab18800
0x0000008b43ffea10:   000001bb7e404690 000000005013f545
0x0000008b43ffea20:   000001bb24d41b68 0000008b43ffeab0
0x0000008b43ffea30:   0000000000000000 0000008b43ffeb80 

Instructions: (pc=0x00000001800044cb)
0x00000001800044ab:   1f 48 8b d3 48 8b cf 41 ff 93 b8 00 00 00 45 84
0x00000001800044bb:   ed 0f 85 b7 00 00 00 4d 85 e4 0f 84 ae 00 00 00
0x00000001800044cb:   41 83 7c 24 0c 00 0f 84 a2 00 00 00 48 8d 4c 24
0x00000001800044db:   38 49 8b d4 41 b8 40 03 00 00 e8 06 64 00 00 4c 


Register to memory mapping:

RAX=0x000000000000001c is an unknown value
RBX=0x0000000000000001 is an unknown value
RCX=0x0000008b43ffed1c is pointing into the stack for thread: 0x000001bb1ab18800
RDX=0x0000000000000000 is an unknown value
RSP=0x0000008b43ffe940 is pointing into the stack for thread: 0x000001bb1ab18800
RBP=0x0000000000000001 is an unknown value
RSI=0x0000000000000000 is an unknown value
RDI=0x000001bb1ab18a00 is an unknown value
R8 =0x0000008b43ffe600 is pointing into the stack for thread: 0x000001bb1ab18800
R9 =0x0000000180000000 is an unknown value
R10=0x0000000000000000 is an unknown value
R11=0x0000000000000200 is an unknown value
R12=0x00000000441ff1b0 is an unknown value
R13=0x0000000000000000 is an unknown value
R14=0x0000008b43ffee30 is pointing into the stack for thread: 0x000001bb1ab18800
R15=0x000001bb1ab18800 is a thread


Stack: [0x0000008b43f00000,0x0000008b44000000],  sp=0x0000008b43ffe940,  free space=1018k
Native frames: (J=compiled Java code, j=interpreted, Vv=VM code, C=native code)
C  [rxtxSerial.dll+0x44cb]
C  0x000001bb000199ee

Java frames: (J=compiled Java code, j=interpreted, Vv=VM code)
j  gnu.io.RXTXPort.nativeDrain(Z)Z+0
j  gnu.io.RXTXPort$SerialOutputStream.flush()V+92
j  processing.serial.Serial.write([B)V+12
j  MultiWiiConf.sendRequestMSP(Ljava/util/List;)V+60
j  MultiWiiConf.draw()V+934
J 1704 C1 processing.core.PApplet.handleDraw()V (239 bytes) @ 0x000001bb005a5a5c [0x000001bb005a5320+0x73c]
j  processing.core.PApplet.run()V+72
j  java.lang.Thread.run()V+11
v  ~StubRoutines::call_stub

---------------  P R O C E S S  ---------------

Java Threads: ( => current thread )
  0x000001bb1abab000 JavaThread "Thread-3" [_thread_in_native, id=10320, stack(0x0000008b44100000,0x0000008b44200000)]
  0x000001bb1abab800 JavaThread "DestroyJavaVM" [_thread_blocked, id=15440, stack(0x0000008b42300000,0x0000008b42400000)]
  0x000001bb1ab07000 JavaThread "D3D Screen Updater" daemon [_thread_blocked, id=19296, stack(0x0000008b44000000,0x0000008b44100000)]
=>0x000001bb1ab18800 JavaThread "Animation Thread" [_thread_in_native, id=15584, stack(0x0000008b43f00000,0x0000008b44000000)]
  0x000001bb1aa8f000 JavaThread "AWT-EventQueue-0" [_thread_blocked, id=15696, stack(0x0000008b43d00000,0x0000008b43e00000)]
  0x000001bb1a692000 JavaThread "AWT-Windows" daemon [_thread_in_native, id=9128, stack(0x0000008b43400000,0x0000008b43500000)]
  0x000001bb1a691000 JavaThread "AWT-Shutdown" [_thread_blocked, id=18656, stack(0x0000008b43300000,0x0000008b43400000)]
  0x000001bb1a690800 JavaThread "Java2D Disposer" daemon [_thread_blocked, id=10428, stack(0x0000008b43200000,0x0000008b43300000)]
  0x000001bb19791800 JavaThread "Service Thread" daemon [_thread_blocked, id=12356, stack(0x0000008b43000000,0x0000008b43100000)]
  0x000001bb19706800 JavaThread "C1 CompilerThread2" daemon [_thread_blocked, id=14948, stack(0x0000008b42f00000,0x0000008b43000000)]
  0x000001bb196f9800 JavaThread "C2 CompilerThread1" daemon [_thread_blocked, id=3476, stack(0x0000008b42e00000,0x0000008b42f00000)]
  0x000001bb196f5000 JavaThread "C2 CompilerThread0" daemon [_thread_blocked, id=16336, stack(0x0000008b42d00000,0x0000008b42e00000)]
  0x000001bb196f1800 JavaThread "Attach Listener" daemon [_thread_blocked, id=1616, stack(0x0000008b42c00000,0x0000008b42d00000)]
  0x000001bb196f0800 JavaThread "Signal Dispatcher" daemon [_thread_blocked, id=20332, stack(0x0000008b42b00000,0x0000008b42c00000)]
  0x000001bb7fe0c800 JavaThread "Finalizer" daemon [_thread_blocked, id=7944, stack(0x0000008b42a00000,0x0000008b42b00000)]
  0x000001bb196b5000 JavaThread "Reference Handler" daemon [_thread_blocked, id=5440, stack(0x0000008b42900000,0x0000008b42a00000)]

Other Threads:
  0x000001bb196b3800 VMThread [stack: 0x0000008b42800000,0x0000008b42900000] [id=1880]
  0x000001bb1979b000 WatcherThread [stack: 0x0000008b43100000,0x0000008b43200000] [id=1712]

VM state:not at safepoint (normal execution)

VM Mutex/Monitor currently owned by a thread: None

heap address: 0x00000006c0c00000, size: 4084 MB, Compressed Oops mode: Zero based, Oop shift amount: 3
Narrow klass base: 0x0000000000000000, Narrow klass shift: 3
Compressed class space size: 1073741824 Address: 0x00000007c0000000

Heap:
 PSYoungGen      total 76288K, used 57528K [0x000000076af00000, 0x0000000770400000, 0x00000007c0000000)
  eden space 65536K, 81% used [0x000000076af00000,0x000000076e304238,0x000000076ef00000)
  from space 10752K, 39% used [0x000000076f980000,0x000000076fdaa070,0x0000000770400000)
  to   space 10752K, 0% used [0x000000076ef00000,0x000000076ef00000,0x000000076f980000)
 ParOldGen       total 175104K, used 24K [0x00000006c0c00000, 0x00000006cb700000, 0x000000076af00000)
  object space 175104K, 0% used [0x00000006c0c00000,0x00000006c0c06000,0x00000006cb700000)
 Metaspace       used 14059K, capacity 14294K, committed 14592K, reserved 1062912K
  class space    used 1394K, capacity 1464K, committed 1536K, reserved 1048576K

Card table byte_map: [0x000001bb0f3c0000,0x000001bb0fbc0000] byte_map_base: 0x000001bb0bdba000

Marking Bits: (ParMarkBitMap*) 0x0000000050868030
 Begin Bits: [0x000001bb10120000, 0x000001bb140f0000)
 End Bits:   [0x000001bb140f0000, 0x000001bb180c0000)

Polling page: 0x000001bb7e670000

CodeCache: size=245760Kb used=6521Kb max_used=6527Kb free=239238Kb
 bounds [0x000001bb00000000, 0x000001bb00670000, 0x000001bb0f000000]
 total_blobs=2655 nmethods=1917 adapters=651
 compilation: enabled

Compilation events (10 events):
Event: 113.054 Thread 0x000001bb196f9800 1913       4       sun.awt.AWTAccessor::getComponentAccessor (18 bytes)
Event: 113.054 Thread 0x000001bb196f9800 nmethod 1913 0x000001bb00648290 code [0x000001bb006483c0, 0x000001bb00648438]
Event: 113.127 Thread 0x000001bb19706800 1914       3       java.awt.Point::<init> (7 bytes)
Event: 113.127 Thread 0x000001bb19706800 nmethod 1914 0x000001bb006426d0 code [0x000001bb00642840, 0x000001bb00642ab8]
Event: 113.127 Thread 0x000001bb19706800 1915       3       sun.awt.AWTAccessor::getContainerAccessor (18 bytes)
Event: 113.127 Thread 0x000001bb19706800 nmethod 1915 0x000001bb00642250 code [0x000001bb006423c0, 0x000001bb00642630]
Event: 113.127 Thread 0x000001bb19706800 1916       3       java.awt.Container$1::findComponentAt (9 bytes)
Event: 113.127 Thread 0x000001bb19706800 nmethod 1916 0x000001bb00641dd0 code [0x000001bb00641f40, 0x000001bb00642170]
Event: 113.127 Thread 0x000001bb19706800 1917       3       java.awt.Component$1::getCursor (5 bytes)
Event: 113.128 Thread 0x000001bb19706800 nmethod 1917 0x000001bb00654610 code [0x000001bb006547a0, 0x000001bb00654cf0]

GC Heap History (4 events):
Event: 1.289 GC heap before
{Heap before GC invocations=1 (full 0):
 PSYoungGen      total 76288K, used 65536K [0x000000076af00000, 0x0000000770400000, 0x00000007c0000000)
  eden space 65536K, 100% used [0x000000076af00000,0x000000076ef00000,0x000000076ef00000)
  from space 10752K, 0% used [0x000000076f980000,0x000000076f980000,0x0000000770400000)
  to   space 10752K, 0% used [0x000000076ef00000,0x000000076ef00000,0x000000076f980000)
 ParOldGen       total 175104K, used 0K [0x00000006c0c00000, 0x00000006cb700000, 0x000000076af00000)
  object space 175104K, 0% used [0x00000006c0c00000,0x00000006c0c00000,0x00000006cb700000)
 Metaspace       used 12617K, capacity 12798K, committed 12928K, reserved 1060864K
  class space    used 1310K, capacity 1394K, committed 1408K, reserved 1048576K
Event: 1.293 GC heap after
Heap after GC invocations=1 (full 0):
 PSYoungGen      total 76288K, used 4707K [0x000000076af00000, 0x0000000770400000, 0x00000007c0000000)
  eden space 65536K, 0% used [0x000000076af00000,0x000000076af00000,0x000000076ef00000)
  from space 10752K, 43% used [0x000000076ef00000,0x000000076f398d10,0x000000076f980000)
  to   space 10752K, 0% used [0x000000076f980000,0x000000076f980000,0x0000000770400000)
 ParOldGen       total 175104K, used 16K [0x00000006c0c00000, 0x00000006cb700000, 0x000000076af00000)
  object space 175104K, 0% used [0x00000006c0c00000,0x00000006c0c04000,0x00000006cb700000)
 Metaspace       used 12617K, capacity 12798K, committed 12928K, reserved 1060864K
  class space    used 1310K, capacity 1394K, committed 1408K, reserved 1048576K
}
Event: 1.884 GC heap before
{Heap before GC invocations=2 (full 0):
 PSYoungGen      total 76288K, used 70243K [0x000000076af00000, 0x0000000770400000, 0x00000007c0000000)
  eden space 65536K, 100% used [0x000000076af00000,0x000000076ef00000,0x000000076ef00000)
  from space 10752K, 43% used [0x000000076ef00000,0x000000076f398d10,0x000000076f980000)
  to   space 10752K, 0% used [0x000000076f980000,0x000000076f980000,0x0000000770400000)
 ParOldGen       total 175104K, used 16K [0x00000006c0c00000, 0x00000006cb700000, 0x000000076af00000)
  object space 175104K, 0% used [0x00000006c0c00000,0x00000006c0c04000,0x00000006cb700000)
 Metaspace       used 13120K, capacity 13322K, committed 13440K, reserved 1060864K
  class space    used 1329K, capacity 1396K, committed 1408K, reserved 1048576K
Event: 1.888 GC heap after
Heap after GC invocations=2 (full 0):
 PSYoungGen      total 76288K, used 4264K [0x000000076af00000, 0x0000000770400000, 0x00000007c0000000)
  eden space 65536K, 0% used [0x000000076af00000,0x000000076af00000,0x000000076ef00000)
  from space 10752K, 39% used [0x000000076f980000,0x000000076fdaa070,0x0000000770400000)
  to   space 10752K, 0% used [0x000000076ef00000,0x000000076ef00000,0x000000076f980000)
 ParOldGen       total 175104K, used 24K [0x00000006c0c00000, 0x00000006cb700000, 0x000000076af00000)
  object space 175104K, 0% used [0x00000006c0c00000,0x00000006c0c06000,0x00000006cb700000)
 Metaspace       used 13120K, capacity 13322K, committed 13440K, reserved 1060864K
  class space    used 1329K, capacity 1396K, committed 1408K, reserved 1048576K
}

Deoptimization events (10 events):
Event: 3.678 Thread 0x000001bb1ab18800 Uncommon trap: reason=class_check action=maybe_recompile pc=0x000001bb004e0ff8 method=controlP5.Controller.updateEvents()Ljava/lang/Object; @ 329
Event: 3.838 Thread 0x000001bb1ab18800 Uncommon trap: reason=class_check action=maybe_recompile pc=0x000001bb004e0ff8 method=controlP5.Controller.updateEvents()Ljava/lang/Object; @ 329
Event: 4.088 Thread 0x000001bb1ab18800 Uncommon trap: reason=class_check action=maybe_recompile pc=0x000001bb004e0ff8 method=controlP5.Controller.updateEvents()Ljava/lang/Object; @ 329
Event: 4.329 Thread 0x000001bb1ab18800 Uncommon trap: reason=unstable_if action=reinterpret pc=0x000001bb004f0608 method=controlP5.Controller.updateEvents()Ljava/lang/Object; @ 98
Event: 4.696 Thread 0x000001bb1ab18800 Uncommon trap: reason=unstable_if action=reinterpret pc=0x000001bb004f3658 method=java.lang.Integer.getChars(II[C)V @ 20
Event: 4.698 Thread 0x000001bb1ab18800 Uncommon trap: reason=unstable_if action=reinterpret pc=0x000001bb004ee1cc method=java.lang.Integer.getChars(II[C)V @ 20
Event: 5.354 Thread 0x000001bb1ab18800 Uncommon trap: reason=predicate action=maybe_recompile pc=0x000001bb00502b8c method=java.util.Arrays.fill([Ljava/lang/Object;Ljava/lang/Object;)V @ 10
Event: 5.354 Thread 0x000001bb1ab18800 Uncommon trap: reason=array_check action=maybe_recompile pc=0x000001bb00503028 method=java.util.Arrays.fill([Ljava/lang/Object;Ljava/lang/Object;)V @ 13
Event: 14.008 Thread 0x000001bb1a692000 Uncommon trap: reason=unstable_if action=reinterpret pc=0x000001bb0056dd24 method=sun.awt.SunToolkit.postEvent(Lsun/awt/AppContext;Ljava/awt/AWTEvent;)V @ 27
Event: 114.391 Thread 0x000001bb1ab18800 Uncommon trap: reason=unstable_if action=reinterpret pc=0x000001bb0056079c method=controlP5.ControlBroadcaster.broadcast(LcontrolP5/ControlEvent;I)LcontrolP5/ControlBroadcaster; @ 65

Classes redefined (0 events):
No events

Internal exceptions (10 events):
Event: 10.429 Thread 0x000001bb1ab18800 Exception <a 'java/io/IOException'> (0x000000076b772180) thrown at [C:\jenkins\workspace\8-2-build-windows-amd64-cygwin\jdk8u311\1894\hotspot\src\share\vm\prims\jni.cpp, line 710]
Event: 10.429 Thread 0x000001bb1ab18800 Exception <a 'java/io/IOException'> (0x000000076b772a08) thrown at [C:\jenkins\workspace\8-2-build-windows-amd64-cygwin\jdk8u311\1894\hotspot\src\share\vm\prims\jni.cpp, line 710]
Event: 10.429 Thread 0x000001bb1ab18800 Exception <a 'java/io/IOException'> (0x000000076b772e80) thrown at [C:\jenkins\workspace\8-2-build-windows-amd64-cygwin\jdk8u311\1894\hotspot\src\share\vm\prims\jni.cpp, line 710]
Event: 10.430 Thread 0x000001bb1ab18800 Exception <a 'java/io/IOException'> (0x000000076b7732c8) thrown at [C:\jenkins\workspace\8-2-build-windows-amd64-cygwin\jdk8u311\1894\hotspot\src\share\vm\prims\jni.cpp, line 710]
Event: 10.430 Thread 0x000001bb1ab18800 Exception <a 'java/io/IOException'> (0x000000076b773b68) thrown at [C:\jenkins\workspace\8-2-build-windows-amd64-cygwin\jdk8u311\1894\hotspot\src\share\vm\prims\jni.cpp, line 710]
Event: 10.430 Thread 0x000001bb1ab18800 Exception <a 'java/io/IOException'> (0x000000076b773fe0) thrown at [C:\jenkins\workspace\8-2-build-windows-amd64-cygwin\jdk8u311\1894\hotspot\src\share\vm\prims\jni.cpp, line 710]
Event: 10.430 Thread 0x000001bb1ab18800 Exception <a 'java/io/IOException'> (0x000000076b774428) thrown at [C:\jenkins\workspace\8-2-build-windows-amd64-cygwin\jdk8u311\1894\hotspot\src\share\vm\prims\jni.cpp, line 710]
Event: 10.430 Thread 0x000001bb1ab18800 Exception <a 'java/io/IOException'> (0x000000076b774928) thrown at [C:\jenkins\workspace\8-2-build-windows-amd64-cygwin\jdk8u311\1894\hotspot\src\share\vm\prims\jni.cpp, line 710]
Event: 10.430 Thread 0x000001bb1ab18800 Exception <a 'java/io/IOException'> (0x000000076b774da0) thrown at [C:\jenkins\workspace\8-2-build-windows-amd64-cygwin\jdk8u311\1894\hotspot\src\share\vm\prims\jni.cpp, line 710]
Event: 10.430 Thread 0x000001bb1ab18800 Exception <a 'java/io/IOException'> (0x000000076b7751e8) thrown at [C:\jenkins\workspace\8-2-build-windows-amd64-cygwin\jdk8u311\1894\hotspot\src\share\vm\prims\jni.cpp, line 710]

Events (10 events):
Event: 14.008 Thread 0x000001bb1a692000 Uncommon trap: trap_request=0xffffff65 fr.pc=0x000001bb0056dd24
Event: 14.008 Thread 0x000001bb1a692000 DEOPT PACKING pc=0x000001bb0056dd24 sp=0x0000008b434fe2b0
Event: 14.008 Thread 0x000001bb1a692000 DEOPT UNPACKING pc=0x000001bb000458c3 sp=0x0000008b434fe2b0 mode 2
Event: 14.885 Thread 0x000001bb1ab18800 DEOPT PACKING pc=0x000001bb004b3dca sp=0x0000008b43ffee70
Event: 14.885 Thread 0x000001bb1ab18800 DEOPT UNPACKING pc=0x000001bb00047518 sp=0x0000008b43ffeba0 mode 0
Event: 113.053 loading class sun/awt/EventQueueDelegate$Delegate
Event: 113.053 loading class sun/awt/EventQueueDelegate$Delegate done
Event: 114.391 Thread 0x000001bb1ab18800 Uncommon trap: trap_request=0xffffff65 fr.pc=0x000001bb0056079c
Event: 114.391 Thread 0x000001bb1ab18800 DEOPT PACKING pc=0x000001bb0056079c sp=0x0000008b43ffeb70
Event: 114.391 Thread 0x000001bb1ab18800 DEOPT UNPACKING pc=0x000001bb000458c3 sp=0x0000008b43ffeb40 mode 2


Dynamic libraries:
0x00007ff7c96c0000 - 0x00007ff7c9707000 	C:\Program Files (x86)\Common Files\Oracle\Java\javapath\javaw.exe
0x00007ffe8e010000 - 0x00007ffe8e205000 	C:\WINDOWS\SYSTEM32\ntdll.dll
0x00007ffe8dbe0000 - 0x00007ffe8dc9d000 	C:\WINDOWS\System32\KERNEL32.DLL
0x00007ffe8b930000 - 0x00007ffe8bbf9000 	C:\WINDOWS\System32\KERNELBASE.dll
0x00007ffe88fa0000 - 0x00007ffe89030000 	C:\WINDOWS\SYSTEM32\apphelp.dll
0x00007ffe8cb10000 - 0x00007ffe8cbbc000 	C:\WINDOWS\System32\ADVAPI32.dll
0x00007ffe8dea0000 - 0x00007ffe8df3e000 	C:\WINDOWS\System32\msvcrt.dll
0x00007ffe8dda0000 - 0x00007ffe8de3b000 	C:\WINDOWS\System32\sechost.dll
0x00007ffe8cc30000 - 0x00007ffe8cd5a000 	C:\WINDOWS\System32\RPCRT4.dll
0x00007ffe8c790000 - 0x00007ffe8c930000 	C:\WINDOWS\System32\USER32.dll
0x00007ffe8bef0000 - 0x00007ffe8bf12000 	C:\WINDOWS\System32\win32u.dll
0x00007ffe8cee0000 - 0x00007ffe8cf0a000 	C:\WINDOWS\System32\GDI32.dll
0x00007ffe8b820000 - 0x00007ffe8b92b000 	C:\WINDOWS\System32\gdi32full.dll
0x00007ffe8bf20000 - 0x00007ffe8bfbd000 	C:\WINDOWS\System32\msvcp_win.dll
0x00007ffe8bc00000 - 0x00007ffe8bd00000 	C:\WINDOWS\System32\ucrtbase.dll
0x00007ffe74700000 - 0x00007ffe7499a000 	C:\WINDOWS\WinSxS\amd64_microsoft.windows.common-controls_6595b64144ccf1df_6.0.19041.1110_none_60b5254171f9507e\COMCTL32.dll
0x00007ffe8dca0000 - 0x00007ffe8dcd0000 	C:\WINDOWS\System32\IMM32.DLL
0x00007ffe7fb50000 - 0x00007ffe7fb65000 	C:\Program Files\Java\jre1.8.0_311\bin\vcruntime140.dll
0x00007ffe67710000 - 0x00007ffe677ab000 	C:\Program Files\Java\jre1.8.0_311\bin\msvcp140.dll
0x0000000050080000 - 0x00000000508e0000 	C:\Program Files\Java\jre1.8.0_311\bin\server\jvm.dll
0x00007ffe8c9e0000 - 0x00007ffe8c9e8000 	C:\WINDOWS\System32\PSAPI.DLL
0x00007ffe83da0000 - 0x00007ffe83dc7000 	C:\WINDOWS\SYSTEM32\WINMM.dll
0x00007ffe84f60000 - 0x00007ffe84f6a000 	C:\WINDOWS\SYSTEM32\VERSION.dll
0x00007ffe80520000 - 0x00007ffe80529000 	C:\WINDOWS\SYSTEM32\WSOCK32.dll
0x00007ffe8ce70000 - 0x00007ffe8cedb000 	C:\WINDOWS\System32\WS2_32.dll
0x00007ffe89650000 - 0x00007ffe89662000 	C:\WINDOWS\SYSTEM32\kernel.appcore.dll
0x00007ffe80320000 - 0x00007ffe80330000 	C:\Program Files\Java\jre1.8.0_311\bin\verify.dll
0x00007ffe7e790000 - 0x00007ffe7e7bb000 	C:\Program Files\Java\jre1.8.0_311\bin\java.dll
0x00007ffe7d620000 - 0x00007ffe7d638000 	C:\Program Files\Java\jre1.8.0_311\bin\zip.dll
0x00007ffe8d440000 - 0x00007ffe8db7f000 	C:\WINDOWS\System32\SHELL32.dll
0x00007ffe89850000 - 0x00007ffe89fe0000 	C:\WINDOWS\SYSTEM32\windows.storage.dll
0x00007ffe8c070000 - 0x00007ffe8c3c5000 	C:\WINDOWS\System32\combase.dll
0x00007ffe8b1a0000 - 0x00007ffe8b1cc000 	C:\WINDOWS\SYSTEM32\Wldp.dll
0x00007ffe8d390000 - 0x00007ffe8d43e000 	C:\WINDOWS\System32\SHCORE.dll
0x00007ffe8de40000 - 0x00007ffe8de95000 	C:\WINDOWS\System32\shlwapi.dll
0x00007ffe8b680000 - 0x00007ffe8b69f000 	C:\WINDOWS\SYSTEM32\profapi.dll
0x00007ffe5a100000 - 0x00007ffe5a295000 	C:\Program Files\Java\jre1.8.0_311\bin\awt.dll
0x00007ffe8dcd0000 - 0x00007ffe8dd9d000 	C:\WINDOWS\System32\OLEAUT32.dll
0x00007ffe89110000 - 0x00007ffe891ae000 	C:\WINDOWS\system32\uxtheme.dll
0x00007ffe8c9f0000 - 0x00007ffe8cb05000 	C:\WINDOWS\System32\MSCTF.dll
0x00007ffe8c3d0000 - 0x00007ffe8c4fa000 	C:\WINDOWS\System32\ole32.dll
0x00007ffe8bd00000 - 0x00007ffe8bd83000 	C:\WINDOWS\System32\bcryptPrimitives.dll
0x00007ffe89360000 - 0x00007ffe8938f000 	C:\WINDOWS\system32\DWMAPI.DLL
0x00007ffe556e0000 - 0x00007ffe55805000 	C:\WINDOWS\system32\opengl32.dll
0x00007ffe555e0000 - 0x00007ffe5560c000 	C:\WINDOWS\SYSTEM32\GLU32.dll
0x00007ffe59e80000 - 0x00007ffe5a04e000 	C:\WINDOWS\system32\d3d9.dll
0x00007ffe83a70000 - 0x00007ffe83c33000 	C:\WINDOWS\System32\DriverStore\FileRepository\u0368925.inf_amd64_05ef22929fd9ebfc\B368707\aticfx64.dll
0x00007ffe7b070000 - 0x00007ffe7b0a3000 	C:\WINDOWS\System32\DriverStore\FileRepository\u0368925.inf_amd64_05ef22929fd9ebfc\B368707\atiu9p64.dll
0x00007ffe2dd30000 - 0x00007ffe2ea7c000 	C:\WINDOWS\System32\DriverStore\FileRepository\u0368925.inf_amd64_05ef22929fd9ebfc\B368707\atiumd64.dll
0x00007ffe85240000 - 0x00007ffe85424000 	C:\WINDOWS\SYSTEM32\dbghelp.dll
0x00007ffe77d10000 - 0x00007ffe77d3c000 	C:\WINDOWS\SYSTEM32\dbgcore.DLL
0x0000000050be0000 - 0x0000000051aad000 	C:\WINDOWS\System32\DriverStore\FileRepository\u0368925.inf_amd64_05ef22929fd9ebfc\B368707\atiumd6a.dll
0x00007ffe8ad10000 - 0x00007ffe8ad5b000 	C:\WINDOWS\SYSTEM32\POWRPROF.dll
0x00007ffe8ab80000 - 0x00007ffe8ab92000 	C:\WINDOWS\SYSTEM32\UMPDC.dll
0x00007ffe81920000 - 0x00007ffe81950000 	C:\WINDOWS\SYSTEM32\amdihk64.dll
0x00007ffe83e40000 - 0x00007ffe83e7b000 	C:\WINDOWS\SYSTEM32\dxcore.dll
0x00007ffe8b770000 - 0x00007ffe8b7be000 	C:\WINDOWS\System32\cfgmgr32.dll
0x00007ffe7b450000 - 0x00007ffe7b499000 	C:\Program Files\Java\jre1.8.0_311\bin\fontmanager.dll
0x0000000010000000 - 0x000000001005a000 	K:\Arduino Sketches\Brushed Drone\MultiWii-bluetooth\MultiWii\MultiWiiConf\application.windows64\jogl.dll
0x0000000077f30000 - 0x0000000077ff9000 	C:\WINDOWS\WinSxS\amd64_microsoft.vc80.crt_1fc8b3b9a1e18e3b_8.0.50727.9672_none_88e266cb2fac7c0d\MSVCR80.dll
0x00007ffe7fe90000 - 0x00007ffe7fe97000 	C:\Program Files\Java\jre1.8.0_311\bin\jawt.dll
0x0000000000210000 - 0x0000000000217000 	K:\Arduino Sketches\Brushed Drone\MultiWii-bluetooth\MultiWii\MultiWiiConf\application.windows64\jogl_awt.dll
0x00007ffe7e540000 - 0x00007ffe7e639000 	C:\WINDOWS\SYSTEM32\textinputframework.dll
0x00007ffe88930000 - 0x00007ffe88c8e000 	C:\WINDOWS\System32\CoreUIComponents.dll
0x00007ffe88c90000 - 0x00007ffe88d82000 	C:\WINDOWS\System32\CoreMessaging.dll
0x00007ffe8a420000 - 0x00007ffe8a453000 	C:\WINDOWS\SYSTEM32\ntmarta.dll
0x00007ffe875d0000 - 0x00007ffe87724000 	C:\WINDOWS\SYSTEM32\wintypes.dll
0x00007ffe8cdc0000 - 0x00007ffe8ce69000 	C:\WINDOWS\System32\clbcatq.dll
0x00007ffe84e60000 - 0x00007ffe84f59000 	C:\Windows\System32\AppXDeploymentClient.dll
0x00007ffe4d4b0000 - 0x00007ffe4d4db000 	C:\WINDOWS\System32\DriverStore\FileRepository\u0368925.inf_amd64_05ef22929fd9ebfc\B368707\atig6pxx.dll
0x00007ffe2f6f0000 - 0x00007ffe32540000 	C:\WINDOWS\System32\DriverStore\FileRepository\u0368925.inf_amd64_05ef22929fd9ebfc\B368707\atio6axx.dll
0x00007ffe8cf10000 - 0x00007ffe8d382000 	C:\WINDOWS\System32\SETUPAPI.dll
0x00007ffe8b740000 - 0x00007ffe8b767000 	C:\WINDOWS\System32\bcrypt.dll
0x00007ffe77310000 - 0x00007ffe77334000 	C:\WINDOWS\SYSTEM32\dxva2.dll
0x00007ffe4c5e0000 - 0x00007ffe4c61c000 	C:\WINDOWS\System32\DriverStore\FileRepository\u0368925.inf_amd64_05ef22929fd9ebfc\B368707\atig6txx.dll
0x00007ffe6a470000 - 0x00007ffe6a625000 	C:\WINDOWS\SYSTEM32\atiadlxx.dll
0x00007ffe87310000 - 0x00007ffe87406000 	C:\WINDOWS\SYSTEM32\PROPSYS.dll
0x00007ffe72a60000 - 0x00007ffe72ab4000 	C:\WINDOWS\SYSTEM32\pdh.dll
0x00007ffe8b4e0000 - 0x00007ffe8b514000 	C:\WINDOWS\SYSTEM32\DEVOBJ.dll
0x00007ffe8b7c0000 - 0x00007ffe8b820000 	C:\WINDOWS\System32\WINTRUST.dll
0x00007ffe8bd90000 - 0x00007ffe8beef000 	C:\WINDOWS\System32\CRYPT32.dll
0x00007ffe8b320000 - 0x00007ffe8b332000 	C:\WINDOWS\SYSTEM32\MSASN1.dll
0x00007ffe7d1e0000 - 0x00007ffe7d1fc000 	C:\Program Files\Java\jre1.8.0_311\bin\net.dll
0x00007ffe8af00000 - 0x00007ffe8af6a000 	C:\WINDOWS\system32\mswsock.dll
0x00007ffe7cb50000 - 0x00007ffe7cb63000 	C:\Program Files\Java\jre1.8.0_311\bin\nio.dll
0x00007ffe6cfe0000 - 0x00007ffe6d023000 	C:\Program Files\Java\jre1.8.0_311\bin\t2k.dll
0x0000000180000000 - 0x0000000180025000 	K:\Arduino Sketches\Brushed Drone\MultiWii-bluetooth\MultiWii\MultiWiiConf\application.windows64\rxtxSerial.dll

VM Arguments:
java_command: MultiWiiConf
java_class_path (initial): K:\Arduino Sketches\Brushed Drone\MultiWii-bluetooth\MultiWii\MultiWiiConf\application.windows64\lib\MultiWiiConf.jar;K:\Arduino Sketches\Brushed Drone\MultiWii-bluetooth\MultiWii\MultiWiiConf\application.windows64\lib\core.jar;K:\Arduino Sketches\Brushed Drone\MultiWii-bluetooth\MultiWii\MultiWiiConf\application.windows64\lib\RXTXcomm.jar;K:\Arduino Sketches\Brushed Drone\MultiWii-bluetooth\MultiWii\MultiWiiConf\application.windows64\lib\serial.jar;K:\Arduino Sketches\Brushed Drone\MultiWii-bluetooth\MultiWii\MultiWiiConf\application.windows64\lib\controlP5.jar;K:\Arduino Sketches\Brushed Drone\MultiWii-bluetooth\MultiWii\MultiWiiConf\application.windows64\lib\controlP5_ori.jar;K:\Arduino Sketches\Brushed Drone\MultiWii-bluetooth\MultiWii\MultiWiiConf\application.windows64\lib\gluegen-rt.jar;K:\Arduino Sketches\Brushed Drone\MultiWii-bluetooth\MultiWii\MultiWiiConf\application.windows64\lib\jogl.jar;K:\Arduino Sketches\Brushed Drone\MultiWii-bluetooth\MultiWii\MultiWiiConf\application.windows64\lib\opengl.jar
Launcher Type: SUN_STANDARD

Environment Variables:
CLASSPATH=K:\Arduino Sketches\Brushed Drone\MultiWii-bluetooth\MultiWii\MultiWiiConf\application.windows64\lib\MultiWiiConf.jar;K:\Arduino Sketches\Brushed Drone\MultiWii-bluetooth\MultiWii\MultiWiiConf\application.windows64\lib\core.jar;K:\Arduino Sketches\Brushed Drone\MultiWii-bluetooth\MultiWii\MultiWiiConf\application.windows64\lib\RXTXcomm.jar;K:\Arduino Sketches\Brushed Drone\MultiWii-bluetooth\MultiWii\MultiWiiConf\application.windows64\lib\serial.jar;K:\Arduino Sketches\Brushed Drone\MultiWii-bluetooth\MultiWii\MultiWiiConf\application.windows64\lib\controlP5.jar;K:\Arduino Sketches\Brushed Drone\MultiWii-bluetooth\MultiWii\MultiWiiConf\application.windows64\lib\controlP5_ori.jar;K:\Arduino Sketches\Brushed Drone\MultiWii-bluetooth\MultiWii\MultiWiiConf\application.windows64\lib\gluegen-rt.jar;K:\Arduino Sketches\Brushed Drone\MultiWii-bluetooth\MultiWii\MultiWiiConf\application.windows64\lib\jogl.jar;K:\Arduino Sketches\Brushed Drone\MultiWii-bluetooth\MultiWii\MultiWiiConf\application.windows64\lib\opengl.jar
PATH=C:\Program Files (x86)\NVIDIA Corporation\PhysX\Common;C:\Program Files (x86)\Common Files\Oracle\Java\javapath;C:\ProgramData\Oracle\Java\javapath;C:\WINDOWS\system32;C:\WINDOWS;C:\WINDOWS\System32\Wbem;C:\WINDOWS\System32\WindowsPowerShell\v1.0;C:\Users\Himu\AppData\Local\Microsoft\WindowsApps
USERNAME=Himu
OS=Windows_NT
PROCESSOR_IDENTIFIER=AMD64 Family 23 Model 1 Stepping 1, AuthenticAMD



---------------  S Y S T E M  ---------------

OS: Windows 10.0 , 64 bit Build 19041 (10.0.19041.1151)

CPU:total 4 (initial active 4) (4 cores per cpu, 1 threads per core) family 23 model 1 stepping 1, cmov, cx8, fxsr, mmx, sse, sse2, sse3, ssse3, sse4.1, sse4.2, popcnt, avx, avx2, aes, clmul, mmxext, 3dnowpref, lzcnt, sse4a, tsc, tscinvbit, tscinv, bmi1

Memory: 4k page, physical 16720844k(10854768k free), swap 19211212k(8584560k free)

vm_info: Java HotSpot(TM) 64-Bit Server VM (25.311-b11) for windows-amd64 JRE (1.8.0_311-b11), built on Sep 27 2021 05:15:14 by "java_re" with MS VC++ 15.9 (VS2017)

time: Tue Dec 21 21:03:51 2021
timezone: India Standard Time
elapsed time: 114.457029 seconds (0d 0h 1m 54s)

